2014-01-22 20:57:22 Error: [MissingControllerException] Controller class MarkularityController could not be found.
Exception Attributes: array (
  'class' => 'MarkularityController',
  'plugin' => NULL,
)
Request URL: /markularity/
Stack Trace:
#0 /Applications/MAMP/htdocs/markularity/app/webroot/index.php(108): Dispatcher->dispatch(Object(CakeRequest), Object(CakeResponse))
#1 {main}
2014-01-22 21:13:59 Error: Fatal Error (4): syntax error, unexpected '{' in [/Applications/MAMP/htdocs/markularity/app/Controller/UsersController.php, line 9]
2014-01-22 21:13:59 Error: [FatalErrorException] syntax error, unexpected '{'
Request URL: /users
Stack Trace:
#0 /Applications/MAMP/htdocs/markularity/lib/Cake/Error/ErrorHandler.php(203): ErrorHandler::handleFatalError(4, 'syntax error, u...', '/Applications/M...', 9)
#1 [internal function]: ErrorHandler::handleError(4, 'syntax error, u...', '/Applications/M...', 9, Array)
#2 /Applications/MAMP/htdocs/markularity/lib/Cake/Core/App.php(929): call_user_func('ErrorHandler::h...', 4, 'syntax error, u...', '/Applications/M...', 9, Array)
#3 /Applications/MAMP/htdocs/markularity/lib/Cake/Core/App.php(902): App::_checkFatalError()
#4 [internal function]: App::shutdown()
#5 {main}
2014-01-22 21:15:07 Error: Fatal Error (4): syntax error, unexpected '{' in [/Applications/MAMP/htdocs/markularity/app/Controller/UsersController.php, line 9]
2014-01-22 21:15:07 Error: [FatalErrorException] syntax error, unexpected '{'
Request URL: /users/register
Stack Trace:
#0 /Applications/MAMP/htdocs/markularity/lib/Cake/Error/ErrorHandler.php(203): ErrorHandler::handleFatalError(4, 'syntax error, u...', '/Applications/M...', 9)
#1 [internal function]: ErrorHandler::handleError(4, 'syntax error, u...', '/Applications/M...', 9, Array)
#2 /Applications/MAMP/htdocs/markularity/lib/Cake/Core/App.php(929): call_user_func('ErrorHandler::h...', 4, 'syntax error, u...', '/Applications/M...', 9, Array)
#3 /Applications/MAMP/htdocs/markularity/lib/Cake/Core/App.php(902): App::_checkFatalError()
#4 [internal function]: App::shutdown()
#5 {main}
2014-01-22 21:21:45 Error: [MissingControllerException] Controller class RegistrationsController could not be found.
Exception Attributes: array (
  'class' => 'RegistrationsController',
  'plugin' => NULL,
)
Request URL: /registrations/register
Stack Trace:
#0 /Applications/MAMP/htdocs/markularity/app/webroot/index.php(108): Dispatcher->dispatch(Object(CakeRequest), Object(CakeResponse))
#1 {main}
2014-01-22 21:39:03 Error: [MissingActionException] Action UsersController::index() could not be found.
Exception Attributes: array (
  'controller' => 'UsersController',
  'action' => 'index',
)
Request URL: /users
Stack Trace:
#0 /Applications/MAMP/htdocs/markularity/lib/Cake/Routing/Dispatcher.php(185): Controller->invokeAction(Object(CakeRequest))
#1 /Applications/MAMP/htdocs/markularity/lib/Cake/Routing/Dispatcher.php(160): Dispatcher->_invoke(Object(UsersController), Object(CakeRequest), Object(CakeResponse))
#2 /Applications/MAMP/htdocs/markularity/app/webroot/index.php(108): Dispatcher->dispatch(Object(CakeRequest), Object(CakeResponse))
#3 {main}
2014-01-22 21:39:25 Error: [MissingControllerException] Controller class UserController could not be found.
Exception Attributes: array (
  'class' => 'UserController',
  'plugin' => NULL,
)
Request URL: /user
Stack Trace:
#0 /Applications/MAMP/htdocs/markularity/app/webroot/index.php(108): Dispatcher->dispatch(Object(CakeRequest), Object(CakeResponse))
#1 {main}
2014-01-22 21:39:32 Error: [MissingActionException] Action UsersController::index() could not be found.
Exception Attributes: array (
  'controller' => 'UsersController',
  'action' => 'index',
)
Request URL: /users
Stack Trace:
#0 /Applications/MAMP/htdocs/markularity/lib/Cake/Routing/Dispatcher.php(185): Controller->invokeAction(Object(CakeRequest))
#1 /Applications/MAMP/htdocs/markularity/lib/Cake/Routing/Dispatcher.php(160): Dispatcher->_invoke(Object(UsersController), Object(CakeRequest), Object(CakeResponse))
#2 /Applications/MAMP/htdocs/markularity/app/webroot/index.php(108): Dispatcher->dispatch(Object(CakeRequest), Object(CakeResponse))
#3 {main}
2014-01-22 21:41:44 Error: [MissingControllerException] Controller class Index.cfmController could not be found.
Exception Attributes: array (
  'class' => 'Index.cfmController',
  'plugin' => NULL,
)
Request URL: /index.cfm/users/new
Stack Trace:
#0 /Applications/MAMP/htdocs/markularity/app/webroot/index.php(108): Dispatcher->dispatch(Object(CakeRequest), Object(CakeResponse))
#1 {main}
2014-01-22 21:41:47 Error: [MissingControllerException] Controller class IndexController could not be found.
Exception Attributes: array (
  'class' => 'IndexController',
  'plugin' => NULL,
)
Request URL: /index
Stack Trace:
#0 /Applications/MAMP/htdocs/markularity/app/webroot/index.php(108): Dispatcher->dispatch(Object(CakeRequest), Object(CakeResponse))
#1 {main}
2014-01-22 21:43:25 Error: [MissingControllerException] Controller class IndexController could not be found.
Exception Attributes: array (
  'class' => 'IndexController',
  'plugin' => NULL,
)
Request URL: /index
Stack Trace:
#0 /Applications/MAMP/htdocs/markularity/app/webroot/index.php(108): Dispatcher->dispatch(Object(CakeRequest), Object(CakeResponse))
#1 {main}
2014-01-22 21:45:45 Error: [MissingControllerException] Controller class IndexController could not be found.
Exception Attributes: array (
  'class' => 'IndexController',
  'plugin' => NULL,
)
Request URL: /index
Stack Trace:
#0 /Applications/MAMP/htdocs/markularity/app/webroot/index.php(108): Dispatcher->dispatch(Object(CakeRequest), Object(CakeResponse))
#1 {main}
2014-01-22 21:45:48 Error: [MissingViewException] View file "/Applications/MAMP/htdocs/markularity/app/View/Pages/index.ctp" is missing.
Exception Attributes: array (
  'file' => '/Applications/MAMP/htdocs/markularity/app/View/Pages/index.ctp',
)
Request URL: /
Stack Trace:
#0 /Applications/MAMP/htdocs/markularity/lib/Cake/View/View.php(457): View->_getViewFileName('index')
#1 /Applications/MAMP/htdocs/markularity/lib/Cake/Controller/Controller.php(952): View->render('index', NULL)
#2 /Applications/MAMP/htdocs/markularity/app/Controller/PagesController.php(69): Controller->render('index')
#3 [internal function]: PagesController->display('index')
#4 /Applications/MAMP/htdocs/markularity/lib/Cake/Controller/Controller.php(490): ReflectionMethod->invokeArgs(Object(PagesController), Array)
#5 /Applications/MAMP/htdocs/markularity/lib/Cake/Routing/Dispatcher.php(185): Controller->invokeAction(Object(CakeRequest))
#6 /Applications/MAMP/htdocs/markularity/lib/Cake/Routing/Dispatcher.php(160): Dispatcher->_invoke(Object(PagesController), Object(CakeRequest), Object(CakeResponse))
#7 /Applications/MAMP/htdocs/markularity/app/webroot/index.php(108): Dispatcher->dispatch(Object(CakeRequest), Object(CakeResponse))
#8 {main}
